<?xml version="1.0" encoding="UTF-8"?>
<!-- Generated by org.testng.reporters.JUnitReportReporter -->
<testsuite hostname="DESKTOP-IDR961Q" failures="0" tests="2" name="sample_Repo.Program1" time="0.033" errors="0" timestamp="2024-07-23T11:53:46 IST" skipped="0">
  <testcase classname="sample_Repo.Program1" name="modifyUser" time="0.027"/>
  <system-out/>
  <testcase classname="sample_Repo.Program1" name="deleteUser" time="0.006"/>
  <system-out/>
</testsuite> <!-- sample_Repo.Program1 -->
