<?xml version="1.0" encoding="UTF-8"?>
<!-- Generated by org.testng.reporters.JUnitReportReporter -->
<testsuite hostname="DESKTOP-IDR961Q" failures="0" tests="3" name="sample_Repo.Program" time="0.030" errors="0" timestamp="2024-07-22T19:35:22 IST" skipped="0">
  <testcase classname="sample_Repo.Program" name="createUser" time="0.025"/>
  <system-out/>
  <testcase classname="sample_Repo.Program" name="modifyUser" time="0.002"/>
  <system-out/>
  <testcase classname="sample_Repo.Program" name="deleteuser" time="0.003"/>
  <system-out/>
</testsuite> <!-- sample_Repo.Program -->
