<?xml version="1.0" encoding="UTF-8"?>
<!-- Generated by org.testng.reporters.JUnitReportReporter -->
<testsuite hostname="DESKTOP-IDR961Q" failures="0" tests="2" name="sample_Repo.Program2" time="0.061" errors="0" timestamp="2024-07-24T20:42:07 IST" skipped="0">
  <testcase classname="sample_Repo.Program2" name="createUser" time="0.048"/>
  <system-out/>
  <testcase classname="sample_Repo.Program2" name="modifyUser" time="0.013"/>
  <system-out/>
</testsuite> <!-- sample_Repo.Program2 -->
