<?xml version="1.0" encoding="UTF-8"?>
<!-- Generated by org.testng.reporters.JUnitReportReporter -->
<testsuite hostname="DESKTOP-IDR961Q" failures="0" tests="1" name="tc_repo.LE_02" time="51.654" errors="0" timestamp="2024-07-29T13:48:11 IST" skipped="0">
  <testcase classname="tc_repo.LE_02" name="le02tc" time="51.654"/>
  <system-out/>
</testsuite> <!-- tc_repo.LE_02 -->
