<?xml version="1.0" encoding="UTF-8"?>
<!-- Generated by org.testng.reporters.JUnitReportReporter -->
<testsuite hostname="DESKTOP-IDR961Q" failures="0" tests="1" name="tc_repo.LE_01" time="47.159" errors="0" timestamp="2024-07-30T12:10:19 IST" skipped="0">
  <testcase classname="tc_repo.LE_01" name="le01Tc" time="47.159"/>
  <system-out/>
</testsuite> <!-- tc_repo.LE_01 -->
