<?xml version="1.0" encoding="UTF-8"?>
<!-- Generated by org.testng.reporters.JUnitReportReporter -->
<testsuite hostname="DESKTOP-IDR961Q" failures="0" tests="1" name="tc_repo.LE_03" time="48.864" errors="0" timestamp="2024-07-29T13:48:11 IST" skipped="0">
  <testcase classname="tc_repo.LE_03" name="le03tc" time="48.864"/>
  <system-out/>
</testsuite> <!-- tc_repo.LE_03 -->
